<?xml version="1.0" encoding="UTF-8"?>
<!-- Generated by org.testng.reporters.JUnitXMLReporter -->
<testsuite ignored="0" hostname="LAPTOP-HK02CU6G" failures="1" tests="1" name="Surefire test" time="0.038" errors="0" timestamp="2022-11-16T19:00:52 IST">
  <testcase classname="ss.AAAA.automTest" name="mainTest" time="0.001">
    <failure type="java.lang.RuntimeException" message="Test not implemented">
      <![CDATA[java.lang.RuntimeException: Test not implemented
at ss.AAAA.automTest.mainTest(automTest.java:29)
at java.base/java.util.ArrayList.forEach(ArrayList.java:1511)
... Removed 32 stack frames]]>
    </failure>
  </testcase> <!-- mainTest -->
</testsuite> <!-- Surefire test -->
